2020-07-20 08:26:43.715  INFO 9756 --- [restartedMain] com.it.community.CommunityApplication    : Starting CommunityApplication on tong with PID 9756 (D:\IDEA_SPACE\community\target\classes started by tong in D:\IDEA_SPACE\community)
2020-07-20 08:26:43.742  INFO 9756 --- [restartedMain] com.it.community.CommunityApplication    : No active profile set, falling back to default profiles: default
2020-07-20 08:26:43.896  INFO 9756 --- [restartedMain] .e.DevToolsPropertyDefaultsPostProcessor : Devtools property defaults active! Set 'spring.devtools.add-properties' to 'false' to disable
2020-07-20 08:26:43.897  INFO 9756 --- [restartedMain] .e.DevToolsPropertyDefaultsPostProcessor : For additional web related logging consider setting the 'logging.level.web' property to 'DEBUG'
2020-07-20 08:26:46.203  INFO 9756 --- [restartedMain] o.s.b.w.embedded.tomcat.TomcatWebServer  : Tomcat initialized with port(s): 8080 (http)
2020-07-20 08:26:46.222  INFO 9756 --- [restartedMain] o.apache.catalina.core.StandardService   : Starting service [Tomcat]
2020-07-20 08:26:46.222  INFO 9756 --- [restartedMain] org.apache.catalina.core.StandardEngine  : Starting Servlet engine: [Apache Tomcat/9.0.36]
2020-07-20 08:26:46.361  INFO 9756 --- [restartedMain] o.a.c.c.C.[Tomcat].[localhost].[/]       : Initializing Spring embedded WebApplicationContext
2020-07-20 08:26:46.361  INFO 9756 --- [restartedMain] w.s.c.ServletWebServerApplicationContext : Root WebApplicationContext: initialization completed in 2463 ms
2020-07-20 08:26:47.441  INFO 9756 --- [restartedMain] o.s.s.concurrent.ThreadPoolTaskExecutor  : Initializing ExecutorService 'applicationTaskExecutor'
2020-07-20 08:26:47.591  INFO 9756 --- [restartedMain] o.s.b.a.w.s.WelcomePageHandlerMapping    : Adding welcome page template: index
2020-07-20 08:26:48.184  INFO 9756 --- [restartedMain] o.s.b.d.a.OptionalLiveReloadServer       : LiveReload server is running on port 35729
2020-07-20 08:26:48.244  INFO 9756 --- [restartedMain] o.s.b.w.embedded.tomcat.TomcatWebServer  : Tomcat started on port(s): 8080 (http) with context path ''
2020-07-20 08:26:48.263  INFO 9756 --- [restartedMain] com.it.community.CommunityApplication    : Started CommunityApplication in 5.344 seconds (JVM running for 7.971)
2020-07-20 08:26:57.102  INFO 9756 --- [http-nio-8080-exec-1] o.a.c.c.C.[Tomcat].[localhost].[/]       : Initializing Spring DispatcherServlet 'dispatcherServlet'
2020-07-20 08:26:57.110  INFO 9756 --- [http-nio-8080-exec-1] o.s.web.servlet.DispatcherServlet        : Initializing Servlet 'dispatcherServlet'
2020-07-20 08:26:57.121  INFO 9756 --- [http-nio-8080-exec-1] o.s.web.servlet.DispatcherServlet        : Completed initialization in 11 ms
2020-07-20 08:26:57.381  INFO 9756 --- [http-nio-8080-exec-1] com.zaxxer.hikari.HikariDataSource       : HikariPool-1 - Starting...
2020-07-20 08:26:57.814  INFO 9756 --- [http-nio-8080-exec-1] com.zaxxer.hikari.pool.PoolBase          : HikariPool-1 - Driver does not support get/set network timeout for connections. (com.mysql.jdbc.JDBC4Connection.getNetworkTimeout()I)
2020-07-20 08:26:57.878  INFO 9756 --- [http-nio-8080-exec-1] com.zaxxer.hikari.HikariDataSource       : HikariPool-1 - Start completed.
2020-07-20 08:26:57.890 DEBUG 9756 --- [http-nio-8080-exec-1] c.i.c.m.QuestionExtMapper.countBySearch  : ==>  Preparing: select count(*) from Question
2020-07-20 08:26:57.946 DEBUG 9756 --- [http-nio-8080-exec-1] c.i.c.m.QuestionExtMapper.countBySearch  : ==> Parameters: 
2020-07-20 08:26:57.978 DEBUG 9756 --- [http-nio-8080-exec-1] c.i.c.m.QuestionExtMapper.countBySearch  : <==      Total: 1
2020-07-20 08:26:57.987 DEBUG 9756 --- [http-nio-8080-exec-1] c.i.c.m.Q.selectBySearch                 : ==>  Preparing: select * from Question order by gmt_create desc limit ?,?
2020-07-20 08:26:57.987 DEBUG 9756 --- [http-nio-8080-exec-1] c.i.c.m.Q.selectBySearch                 : ==> Parameters: 0(Integer), 5(Integer)
2020-07-20 08:26:57.994 DEBUG 9756 --- [http-nio-8080-exec-1] c.i.c.m.Q.selectBySearch                 : <==      Total: 5
2020-07-20 08:26:57.995 DEBUG 9756 --- [http-nio-8080-exec-1] c.i.c.m.UserMapper.selectByPrimaryKey    : ==>  Preparing: select id, account_id, name, token, gmt_create, gmt_modified, bio, avatar_url from user where id = ?
2020-07-20 08:26:57.995 DEBUG 9756 --- [http-nio-8080-exec-1] c.i.c.m.UserMapper.selectByPrimaryKey    : ==> Parameters: 59(Long)
2020-07-20 08:26:58.000 DEBUG 9756 --- [http-nio-8080-exec-1] c.i.c.m.UserMapper.selectByPrimaryKey    : <==      Total: 1
2020-07-20 08:26:58.011 DEBUG 9756 --- [http-nio-8080-exec-1] c.i.c.m.UserMapper.selectByPrimaryKey    : ==>  Preparing: select id, account_id, name, token, gmt_create, gmt_modified, bio, avatar_url from user where id = ?
2020-07-20 08:26:58.011 DEBUG 9756 --- [http-nio-8080-exec-1] c.i.c.m.UserMapper.selectByPrimaryKey    : ==> Parameters: 59(Long)
2020-07-20 08:26:58.013 DEBUG 9756 --- [http-nio-8080-exec-1] c.i.c.m.UserMapper.selectByPrimaryKey    : <==      Total: 1
2020-07-20 08:26:58.013 DEBUG 9756 --- [http-nio-8080-exec-1] c.i.c.m.UserMapper.selectByPrimaryKey    : ==>  Preparing: select id, account_id, name, token, gmt_create, gmt_modified, bio, avatar_url from user where id = ?
2020-07-20 08:26:58.018 DEBUG 9756 --- [http-nio-8080-exec-1] c.i.c.m.UserMapper.selectByPrimaryKey    : ==> Parameters: 59(Long)
2020-07-20 08:26:58.020 DEBUG 9756 --- [http-nio-8080-exec-1] c.i.c.m.UserMapper.selectByPrimaryKey    : <==      Total: 1
2020-07-20 08:26:58.020 DEBUG 9756 --- [http-nio-8080-exec-1] c.i.c.m.UserMapper.selectByPrimaryKey    : ==>  Preparing: select id, account_id, name, token, gmt_create, gmt_modified, bio, avatar_url from user where id = ?
2020-07-20 08:26:58.021 DEBUG 9756 --- [http-nio-8080-exec-1] c.i.c.m.UserMapper.selectByPrimaryKey    : ==> Parameters: 59(Long)
2020-07-20 08:26:58.022 DEBUG 9756 --- [http-nio-8080-exec-1] c.i.c.m.UserMapper.selectByPrimaryKey    : <==      Total: 1
2020-07-20 08:26:58.023 DEBUG 9756 --- [http-nio-8080-exec-1] c.i.c.m.UserMapper.selectByPrimaryKey    : ==>  Preparing: select id, account_id, name, token, gmt_create, gmt_modified, bio, avatar_url from user where id = ?
2020-07-20 08:26:58.023 DEBUG 9756 --- [http-nio-8080-exec-1] c.i.c.m.UserMapper.selectByPrimaryKey    : ==> Parameters: 59(Long)
2020-07-20 08:26:58.024 DEBUG 9756 --- [http-nio-8080-exec-1] c.i.c.m.UserMapper.selectByPrimaryKey    : <==      Total: 1
2020-07-20 08:27:02.654 DEBUG 9756 --- [http-nio-8080-exec-10] c.i.c.m.QuestionExtMapper.countBySearch  : ==>  Preparing: select count(*) from Question WHERE title regexp ?
2020-07-20 08:27:02.655 DEBUG 9756 --- [http-nio-8080-exec-10] c.i.c.m.QuestionExtMapper.countBySearch  : ==> Parameters: 测试(String)
2020-07-20 08:27:02.656 DEBUG 9756 --- [http-nio-8080-exec-10] c.i.c.m.QuestionExtMapper.countBySearch  : <==      Total: 1
2020-07-20 08:27:02.657 DEBUG 9756 --- [http-nio-8080-exec-10] c.i.c.m.Q.selectBySearch                 : ==>  Preparing: select * from Question WHERE title regexp ? order by gmt_create desc limit ?,?
2020-07-20 08:27:02.658 DEBUG 9756 --- [http-nio-8080-exec-10] c.i.c.m.Q.selectBySearch                 : ==> Parameters: 测试(String), 0(Integer), 5(Integer)
2020-07-20 08:27:02.661 DEBUG 9756 --- [http-nio-8080-exec-10] c.i.c.m.Q.selectBySearch                 : <==      Total: 5
2020-07-20 08:27:02.662 DEBUG 9756 --- [http-nio-8080-exec-10] c.i.c.m.UserMapper.selectByPrimaryKey    : ==>  Preparing: select id, account_id, name, token, gmt_create, gmt_modified, bio, avatar_url from user where id = ?
2020-07-20 08:27:02.662 DEBUG 9756 --- [http-nio-8080-exec-10] c.i.c.m.UserMapper.selectByPrimaryKey    : ==> Parameters: 59(Long)
2020-07-20 08:27:02.664 DEBUG 9756 --- [http-nio-8080-exec-10] c.i.c.m.UserMapper.selectByPrimaryKey    : <==      Total: 1
2020-07-20 08:27:02.666 DEBUG 9756 --- [http-nio-8080-exec-10] c.i.c.m.UserMapper.selectByPrimaryKey    : ==>  Preparing: select id, account_id, name, token, gmt_create, gmt_modified, bio, avatar_url from user where id = ?
2020-07-20 08:27:02.667 DEBUG 9756 --- [http-nio-8080-exec-10] c.i.c.m.UserMapper.selectByPrimaryKey    : ==> Parameters: 59(Long)
2020-07-20 08:27:02.669 DEBUG 9756 --- [http-nio-8080-exec-10] c.i.c.m.UserMapper.selectByPrimaryKey    : <==      Total: 1
2020-07-20 08:27:02.669 DEBUG 9756 --- [http-nio-8080-exec-10] c.i.c.m.UserMapper.selectByPrimaryKey    : ==>  Preparing: select id, account_id, name, token, gmt_create, gmt_modified, bio, avatar_url from user where id = ?
2020-07-20 08:27:02.669 DEBUG 9756 --- [http-nio-8080-exec-10] c.i.c.m.UserMapper.selectByPrimaryKey    : ==> Parameters: 59(Long)
2020-07-20 08:27:02.670 DEBUG 9756 --- [http-nio-8080-exec-10] c.i.c.m.UserMapper.selectByPrimaryKey    : <==      Total: 1
2020-07-20 08:27:02.671 DEBUG 9756 --- [http-nio-8080-exec-10] c.i.c.m.UserMapper.selectByPrimaryKey    : ==>  Preparing: select id, account_id, name, token, gmt_create, gmt_modified, bio, avatar_url from user where id = ?
2020-07-20 08:27:02.672 DEBUG 9756 --- [http-nio-8080-exec-10] c.i.c.m.UserMapper.selectByPrimaryKey    : ==> Parameters: 59(Long)
2020-07-20 08:27:02.673 DEBUG 9756 --- [http-nio-8080-exec-10] c.i.c.m.UserMapper.selectByPrimaryKey    : <==      Total: 1
2020-07-20 08:27:02.674 DEBUG 9756 --- [http-nio-8080-exec-10] c.i.c.m.UserMapper.selectByPrimaryKey    : ==>  Preparing: select id, account_id, name, token, gmt_create, gmt_modified, bio, avatar_url from user where id = ?
2020-07-20 08:27:02.902 DEBUG 9756 --- [http-nio-8080-exec-10] c.i.c.m.UserMapper.selectByPrimaryKey    : ==> Parameters: 59(Long)
2020-07-20 08:27:02.903 DEBUG 9756 --- [http-nio-8080-exec-10] c.i.c.m.UserMapper.selectByPrimaryKey    : <==      Total: 1
2020-07-20 08:27:05.290 DEBUG 9756 --- [http-nio-8080-exec-8] c.i.c.m.QuestionExtMapper.countBySearch  : ==>  Preparing: select count(*) from Question WHERE title regexp ?
2020-07-20 08:27:05.291 DEBUG 9756 --- [http-nio-8080-exec-8] c.i.c.m.QuestionExtMapper.countBySearch  : ==> Parameters: 1(String)
2020-07-20 08:27:05.292 DEBUG 9756 --- [http-nio-8080-exec-8] c.i.c.m.QuestionExtMapper.countBySearch  : <==      Total: 1
2020-07-20 08:27:05.295 DEBUG 9756 --- [http-nio-8080-exec-8] c.i.c.m.Q.selectBySearch                 : ==>  Preparing: select * from Question WHERE title regexp ? order by gmt_create desc limit ?,?
2020-07-20 08:27:05.296 DEBUG 9756 --- [http-nio-8080-exec-8] c.i.c.m.Q.selectBySearch                 : ==> Parameters: 1(String), -5(Integer), 5(Integer)
2020-07-20 08:27:05.404  WARN 9756 --- [http-nio-8080-exec-8] .m.m.a.ExceptionHandlerExceptionResolver : Resolved [org.springframework.jdbc.BadSqlGrammarException: 
### Error querying database.  Cause: com.mysql.jdbc.exceptions.jdbc4.MySQLSyntaxErrorException: You have an error in your SQL syntax; check the manual that corresponds to your MySQL server version for the right syntax to use near '-5,5' at line 3
### The error may exist in file [D:\IDEA_SPACE\community\target\classes\mapper\QuestionExtMapper.xml]
### The error may involve com.it.community.mapper.QuestionExtMapper.selectBySearch-Inline
### The error occurred while setting parameters
### SQL: select * from Question          WHERE  title regexp ?          order by gmt_create desc limit ?,?
### Cause: com.mysql.jdbc.exceptions.jdbc4.MySQLSyntaxErrorException: You have an error in your SQL syntax; check the manual that corresponds to your MySQL server version for the right syntax to use near '-5,5' at line 3
; bad SQL grammar []; nested exception is com.mysql.jdbc.exceptions.jdbc4.MySQLSyntaxErrorException: You have an error in your SQL syntax; check the manual that corresponds to your MySQL server version for the right syntax to use near '-5,5' at line 3]
2020-07-20 08:35:07.714 DEBUG 9756 --- [http-nio-8080-exec-9] c.i.c.m.QuestionExtMapper.countBySearch  : ==>  Preparing: select count(*) from Question WHERE title regexp ?
2020-07-20 08:35:07.715 DEBUG 9756 --- [http-nio-8080-exec-9] c.i.c.m.QuestionExtMapper.countBySearch  : ==> Parameters: 1(String)
2020-07-20 08:35:07.717 DEBUG 9756 --- [http-nio-8080-exec-9] c.i.c.m.QuestionExtMapper.countBySearch  : <==      Total: 1
2020-07-20 08:35:07.719 DEBUG 9756 --- [http-nio-8080-exec-9] c.i.c.m.Q.selectBySearch                 : ==>  Preparing: select * from Question WHERE title regexp ? order by gmt_create desc limit ?,?
2020-07-20 08:35:07.719 DEBUG 9756 --- [http-nio-8080-exec-9] c.i.c.m.Q.selectBySearch                 : ==> Parameters: 1(String), -5(Integer), 5(Integer)
2020-07-20 08:35:07.721  WARN 9756 --- [http-nio-8080-exec-9] .m.m.a.ExceptionHandlerExceptionResolver : Resolved [org.springframework.jdbc.BadSqlGrammarException: 
### Error querying database.  Cause: com.mysql.jdbc.exceptions.jdbc4.MySQLSyntaxErrorException: You have an error in your SQL syntax; check the manual that corresponds to your MySQL server version for the right syntax to use near '-5,5' at line 3
### The error may exist in file [D:\IDEA_SPACE\community\target\classes\mapper\QuestionExtMapper.xml]
### The error may involve com.it.community.mapper.QuestionExtMapper.selectBySearch-Inline
### The error occurred while setting parameters
### SQL: select * from Question          WHERE  title regexp ?          order by gmt_create desc limit ?,?
### Cause: com.mysql.jdbc.exceptions.jdbc4.MySQLSyntaxErrorException: You have an error in your SQL syntax; check the manual that corresponds to your MySQL server version for the right syntax to use near '-5,5' at line 3
; bad SQL grammar []; nested exception is com.mysql.jdbc.exceptions.jdbc4.MySQLSyntaxErrorException: You have an error in your SQL syntax; check the manual that corresponds to your MySQL server version for the right syntax to use near '-5,5' at line 3]
2020-07-20 08:37:33.722  INFO 5712 --- [restartedMain] com.it.community.CommunityApplication    : Starting CommunityApplication on tong with PID 5712 (D:\IDEA_SPACE\community\target\classes started by tong in D:\IDEA_SPACE\community)
2020-07-20 08:37:33.727  INFO 5712 --- [restartedMain] com.it.community.CommunityApplication    : No active profile set, falling back to default profiles: default
2020-07-20 08:37:33.862  INFO 5712 --- [restartedMain] .e.DevToolsPropertyDefaultsPostProcessor : Devtools property defaults active! Set 'spring.devtools.add-properties' to 'false' to disable
2020-07-20 08:37:33.862  INFO 5712 --- [restartedMain] .e.DevToolsPropertyDefaultsPostProcessor : For additional web related logging consider setting the 'logging.level.web' property to 'DEBUG'
2020-07-20 08:37:36.788  INFO 5712 --- [restartedMain] o.s.b.w.embedded.tomcat.TomcatWebServer  : Tomcat initialized with port(s): 8080 (http)
2020-07-20 08:37:36.804  INFO 5712 --- [restartedMain] o.apache.catalina.core.StandardService   : Starting service [Tomcat]
2020-07-20 08:37:36.805  INFO 5712 --- [restartedMain] org.apache.catalina.core.StandardEngine  : Starting Servlet engine: [Apache Tomcat/9.0.36]
2020-07-20 08:37:37.034  INFO 5712 --- [restartedMain] o.a.c.c.C.[Tomcat].[localhost].[/]       : Initializing Spring embedded WebApplicationContext
2020-07-20 08:37:37.034  INFO 5712 --- [restartedMain] w.s.c.ServletWebServerApplicationContext : Root WebApplicationContext: initialization completed in 3172 ms
2020-07-20 08:37:37.968  INFO 5712 --- [restartedMain] o.s.s.concurrent.ThreadPoolTaskExecutor  : Initializing ExecutorService 'applicationTaskExecutor'
2020-07-20 08:37:38.064  INFO 5712 --- [restartedMain] o.s.b.a.w.s.WelcomePageHandlerMapping    : Adding welcome page template: index
2020-07-20 08:37:38.554  INFO 5712 --- [restartedMain] o.s.b.d.a.OptionalLiveReloadServer       : LiveReload server is running on port 35729
2020-07-20 08:37:38.611  INFO 5712 --- [restartedMain] o.s.b.w.embedded.tomcat.TomcatWebServer  : Tomcat started on port(s): 8080 (http) with context path ''
2020-07-20 08:37:38.625  INFO 5712 --- [restartedMain] com.it.community.CommunityApplication    : Started CommunityApplication in 5.563 seconds (JVM running for 7.765)
2020-07-20 08:37:45.659  INFO 5712 --- [http-nio-8080-exec-2] o.a.c.c.C.[Tomcat].[localhost].[/]       : Initializing Spring DispatcherServlet 'dispatcherServlet'
2020-07-20 08:37:45.659  INFO 5712 --- [http-nio-8080-exec-2] o.s.web.servlet.DispatcherServlet        : Initializing Servlet 'dispatcherServlet'
2020-07-20 08:37:45.673  INFO 5712 --- [http-nio-8080-exec-2] o.s.web.servlet.DispatcherServlet        : Completed initialization in 13 ms
2020-07-20 08:37:45.796  INFO 5712 --- [http-nio-8080-exec-2] com.zaxxer.hikari.HikariDataSource       : HikariPool-1 - Starting...
2020-07-20 08:37:46.039  INFO 5712 --- [http-nio-8080-exec-2] com.zaxxer.hikari.pool.PoolBase          : HikariPool-1 - Driver does not support get/set network timeout for connections. (com.mysql.jdbc.JDBC4Connection.getNetworkTimeout()I)
2020-07-20 08:37:46.044  INFO 5712 --- [http-nio-8080-exec-2] com.zaxxer.hikari.HikariDataSource       : HikariPool-1 - Start completed.
2020-07-20 08:37:46.056 DEBUG 5712 --- [http-nio-8080-exec-2] c.i.c.m.QuestionExtMapper.countBySearch  : ==>  Preparing: select count(*) from Question WHERE title regexp ?
2020-07-20 08:37:46.078 DEBUG 5712 --- [http-nio-8080-exec-2] c.i.c.m.QuestionExtMapper.countBySearch  : ==> Parameters: 1(String)
2020-07-20 08:37:46.097 DEBUG 5712 --- [http-nio-8080-exec-2] c.i.c.m.QuestionExtMapper.countBySearch  : <==      Total: 1
2020-07-20 08:37:46.105 DEBUG 5712 --- [http-nio-8080-exec-2] c.i.c.m.Q.selectBySearch                 : ==>  Preparing: select * from Question WHERE title regexp ? order by gmt_create desc limit ?,?
2020-07-20 08:37:46.105 DEBUG 5712 --- [http-nio-8080-exec-2] c.i.c.m.Q.selectBySearch                 : ==> Parameters: 1(String), -5(Integer), 5(Integer)
2020-07-20 08:37:46.185  WARN 5712 --- [http-nio-8080-exec-2] .m.m.a.ExceptionHandlerExceptionResolver : Resolved [org.springframework.jdbc.BadSqlGrammarException: 
### Error querying database.  Cause: com.mysql.jdbc.exceptions.jdbc4.MySQLSyntaxErrorException: You have an error in your SQL syntax; check the manual that corresponds to your MySQL server version for the right syntax to use near '-5,5' at line 3
### The error may exist in file [D:\IDEA_SPACE\community\target\classes\mapper\QuestionExtMapper.xml]
### The error may involve com.it.community.mapper.QuestionExtMapper.selectBySearch-Inline
### The error occurred while setting parameters
### SQL: select * from Question          WHERE  title regexp ?          order by gmt_create desc limit ?,?
### Cause: com.mysql.jdbc.exceptions.jdbc4.MySQLSyntaxErrorException: You have an error in your SQL syntax; check the manual that corresponds to your MySQL server version for the right syntax to use near '-5,5' at line 3
; bad SQL grammar []; nested exception is com.mysql.jdbc.exceptions.jdbc4.MySQLSyntaxErrorException: You have an error in your SQL syntax; check the manual that corresponds to your MySQL server version for the right syntax to use near '-5,5' at line 3]
2020-07-20 08:40:47.931  INFO 10392 --- [restartedMain] com.it.community.CommunityApplication    : Starting CommunityApplication on tong with PID 10392 (D:\IDEA_SPACE\community\target\classes started by tong in D:\IDEA_SPACE\community)
2020-07-20 08:40:47.935  INFO 10392 --- [restartedMain] com.it.community.CommunityApplication    : No active profile set, falling back to default profiles: default
2020-07-20 08:40:48.049  INFO 10392 --- [restartedMain] .e.DevToolsPropertyDefaultsPostProcessor : Devtools property defaults active! Set 'spring.devtools.add-properties' to 'false' to disable
2020-07-20 08:40:48.049  INFO 10392 --- [restartedMain] .e.DevToolsPropertyDefaultsPostProcessor : For additional web related logging consider setting the 'logging.level.web' property to 'DEBUG'
2020-07-20 08:40:50.602  INFO 10392 --- [restartedMain] o.s.b.w.embedded.tomcat.TomcatWebServer  : Tomcat initialized with port(s): 8080 (http)
2020-07-20 08:40:50.621  INFO 10392 --- [restartedMain] o.apache.catalina.core.StandardService   : Starting service [Tomcat]
2020-07-20 08:40:50.621  INFO 10392 --- [restartedMain] org.apache.catalina.core.StandardEngine  : Starting Servlet engine: [Apache Tomcat/9.0.36]
2020-07-20 08:40:50.896  INFO 10392 --- [restartedMain] o.a.c.c.C.[Tomcat].[localhost].[/]       : Initializing Spring embedded WebApplicationContext
2020-07-20 08:40:50.897  INFO 10392 --- [restartedMain] w.s.c.ServletWebServerApplicationContext : Root WebApplicationContext: initialization completed in 2848 ms
2020-07-20 08:40:51.951  INFO 10392 --- [restartedMain] o.s.s.concurrent.ThreadPoolTaskExecutor  : Initializing ExecutorService 'applicationTaskExecutor'
2020-07-20 08:40:52.064  INFO 10392 --- [restartedMain] o.s.b.a.w.s.WelcomePageHandlerMapping    : Adding welcome page template: index
2020-07-20 08:40:52.572  INFO 10392 --- [restartedMain] o.s.b.d.a.OptionalLiveReloadServer       : LiveReload server is running on port 35729
2020-07-20 08:40:52.627  INFO 10392 --- [restartedMain] o.s.b.w.embedded.tomcat.TomcatWebServer  : Tomcat started on port(s): 8080 (http) with context path ''
2020-07-20 08:40:52.646  INFO 10392 --- [restartedMain] com.it.community.CommunityApplication    : Started CommunityApplication in 5.391 seconds (JVM running for 7.605)
2020-07-20 08:41:03.301  INFO 10392 --- [http-nio-8080-exec-1] o.a.c.c.C.[Tomcat].[localhost].[/]       : Initializing Spring DispatcherServlet 'dispatcherServlet'
2020-07-20 08:41:03.302  INFO 10392 --- [http-nio-8080-exec-1] o.s.web.servlet.DispatcherServlet        : Initializing Servlet 'dispatcherServlet'
2020-07-20 08:41:03.316  INFO 10392 --- [http-nio-8080-exec-1] o.s.web.servlet.DispatcherServlet        : Completed initialization in 14 ms
2020-07-20 08:41:03.446  INFO 10392 --- [http-nio-8080-exec-1] com.zaxxer.hikari.HikariDataSource       : HikariPool-1 - Starting...
2020-07-20 08:41:03.732  INFO 10392 --- [http-nio-8080-exec-1] com.zaxxer.hikari.pool.PoolBase          : HikariPool-1 - Driver does not support get/set network timeout for connections. (com.mysql.jdbc.JDBC4Connection.getNetworkTimeout()I)
2020-07-20 08:41:03.737  INFO 10392 --- [http-nio-8080-exec-1] com.zaxxer.hikari.HikariDataSource       : HikariPool-1 - Start completed.
2020-07-20 08:41:03.747 DEBUG 10392 --- [http-nio-8080-exec-1] c.i.c.m.QuestionExtMapper.countBySearch  : ==>  Preparing: select count(*) from Question WHERE title regexp ?
2020-07-20 08:41:03.769 DEBUG 10392 --- [http-nio-8080-exec-1] c.i.c.m.QuestionExtMapper.countBySearch  : ==> Parameters: 1(String)
2020-07-20 08:41:03.786 DEBUG 10392 --- [http-nio-8080-exec-1] c.i.c.m.QuestionExtMapper.countBySearch  : <==      Total: 1
2020-07-20 08:41:03.794 DEBUG 10392 --- [http-nio-8080-exec-1] c.i.c.m.Q.selectBySearch                 : ==>  Preparing: select * from Question WHERE title regexp ? order by gmt_create desc limit ?,?
2020-07-20 08:41:03.795 DEBUG 10392 --- [http-nio-8080-exec-1] c.i.c.m.Q.selectBySearch                 : ==> Parameters: 1(String), -5(Integer), 5(Integer)
2020-07-20 08:41:03.874  WARN 10392 --- [http-nio-8080-exec-1] .m.m.a.ExceptionHandlerExceptionResolver : Resolved [org.springframework.jdbc.BadSqlGrammarException: 
### Error querying database.  Cause: com.mysql.jdbc.exceptions.jdbc4.MySQLSyntaxErrorException: You have an error in your SQL syntax; check the manual that corresponds to your MySQL server version for the right syntax to use near '-5,5' at line 3
### The error may exist in file [D:\IDEA_SPACE\community\target\classes\mapper\QuestionExtMapper.xml]
### The error may involve com.it.community.mapper.QuestionExtMapper.selectBySearch-Inline
### The error occurred while setting parameters
### SQL: select * from Question          WHERE  title regexp ?          order by gmt_create desc limit ?,?
### Cause: com.mysql.jdbc.exceptions.jdbc4.MySQLSyntaxErrorException: You have an error in your SQL syntax; check the manual that corresponds to your MySQL server version for the right syntax to use near '-5,5' at line 3
; bad SQL grammar []; nested exception is com.mysql.jdbc.exceptions.jdbc4.MySQLSyntaxErrorException: You have an error in your SQL syntax; check the manual that corresponds to your MySQL server version for the right syntax to use near '-5,5' at line 3]
2020-07-20 08:51:26.383  INFO 11344 --- [restartedMain] com.it.community.CommunityApplication    : Starting CommunityApplication on tong with PID 11344 (D:\IDEA_SPACE\community\target\classes started by tong in D:\IDEA_SPACE\community)
2020-07-20 08:51:26.389  INFO 11344 --- [restartedMain] com.it.community.CommunityApplication    : No active profile set, falling back to default profiles: default
2020-07-20 08:51:26.495  INFO 11344 --- [restartedMain] .e.DevToolsPropertyDefaultsPostProcessor : Devtools property defaults active! Set 'spring.devtools.add-properties' to 'false' to disable
2020-07-20 08:51:26.496  INFO 11344 --- [restartedMain] .e.DevToolsPropertyDefaultsPostProcessor : For additional web related logging consider setting the 'logging.level.web' property to 'DEBUG'
2020-07-20 08:51:29.081  INFO 11344 --- [restartedMain] o.s.b.w.embedded.tomcat.TomcatWebServer  : Tomcat initialized with port(s): 8080 (http)
2020-07-20 08:51:29.100  INFO 11344 --- [restartedMain] o.apache.catalina.core.StandardService   : Starting service [Tomcat]
2020-07-20 08:51:29.100  INFO 11344 --- [restartedMain] org.apache.catalina.core.StandardEngine  : Starting Servlet engine: [Apache Tomcat/9.0.36]
2020-07-20 08:51:29.266  INFO 11344 --- [restartedMain] o.a.c.c.C.[Tomcat].[localhost].[/]       : Initializing Spring embedded WebApplicationContext
2020-07-20 08:51:29.267  INFO 11344 --- [restartedMain] w.s.c.ServletWebServerApplicationContext : Root WebApplicationContext: initialization completed in 2771 ms
2020-07-20 08:51:30.109  INFO 11344 --- [restartedMain] o.s.s.concurrent.ThreadPoolTaskExecutor  : Initializing ExecutorService 'applicationTaskExecutor'
2020-07-20 08:51:30.191  INFO 11344 --- [restartedMain] o.s.b.a.w.s.WelcomePageHandlerMapping    : Adding welcome page template: index
2020-07-20 08:51:30.689  INFO 11344 --- [restartedMain] o.s.b.d.a.OptionalLiveReloadServer       : LiveReload server is running on port 35729
2020-07-20 08:51:30.747  INFO 11344 --- [restartedMain] o.s.b.w.embedded.tomcat.TomcatWebServer  : Tomcat started on port(s): 8080 (http) with context path ''
2020-07-20 08:51:30.764  INFO 11344 --- [restartedMain] com.it.community.CommunityApplication    : Started CommunityApplication in 5.098 seconds (JVM running for 7.34)
2020-07-20 08:51:34.435  INFO 11344 --- [http-nio-8080-exec-1] o.a.c.c.C.[Tomcat].[localhost].[/]       : Initializing Spring DispatcherServlet 'dispatcherServlet'
2020-07-20 08:51:34.435  INFO 11344 --- [http-nio-8080-exec-1] o.s.web.servlet.DispatcherServlet        : Initializing Servlet 'dispatcherServlet'
2020-07-20 08:51:34.450  INFO 11344 --- [http-nio-8080-exec-1] o.s.web.servlet.DispatcherServlet        : Completed initialization in 14 ms
2020-07-20 08:51:34.578  INFO 11344 --- [http-nio-8080-exec-1] com.zaxxer.hikari.HikariDataSource       : HikariPool-1 - Starting...
2020-07-20 08:51:34.794  INFO 11344 --- [http-nio-8080-exec-1] com.zaxxer.hikari.pool.PoolBase          : HikariPool-1 - Driver does not support get/set network timeout for connections. (com.mysql.jdbc.JDBC4Connection.getNetworkTimeout()I)
2020-07-20 08:51:34.801  INFO 11344 --- [http-nio-8080-exec-1] com.zaxxer.hikari.HikariDataSource       : HikariPool-1 - Start completed.
2020-07-20 08:51:34.815 DEBUG 11344 --- [http-nio-8080-exec-1] c.i.c.m.QuestionExtMapper.countBySearch  : ==>  Preparing: select count(*) from Question WHERE title regexp ?
2020-07-20 08:51:34.835 DEBUG 11344 --- [http-nio-8080-exec-1] c.i.c.m.QuestionExtMapper.countBySearch  : ==> Parameters: 1(String)
2020-07-20 08:51:34.853 DEBUG 11344 --- [http-nio-8080-exec-1] c.i.c.m.QuestionExtMapper.countBySearch  : <==      Total: 1
2020-07-20 08:51:34.859 DEBUG 11344 --- [http-nio-8080-exec-1] c.i.c.m.Q.selectBySearch                 : ==>  Preparing: select * from Question WHERE title regexp ? order by gmt_create desc limit ?,?
2020-07-20 08:51:34.860 DEBUG 11344 --- [http-nio-8080-exec-1] c.i.c.m.Q.selectBySearch                 : ==> Parameters: 1(String), -5(Integer), 5(Integer)
2020-07-20 08:52:23.270 DEBUG 11344 --- [http-nio-8080-exec-9] c.i.c.m.QuestionExtMapper.countBySearch  : ==>  Preparing: select count(*) from Question WHERE title regexp ?
2020-07-20 08:52:23.271 DEBUG 11344 --- [http-nio-8080-exec-9] c.i.c.m.QuestionExtMapper.countBySearch  : ==> Parameters: 3(String)
2020-07-20 08:52:23.273 DEBUG 11344 --- [http-nio-8080-exec-9] c.i.c.m.QuestionExtMapper.countBySearch  : <==      Total: 1
2020-07-20 08:52:23.274 DEBUG 11344 --- [http-nio-8080-exec-9] c.i.c.m.Q.selectBySearch                 : ==>  Preparing: select * from Question WHERE title regexp ? order by gmt_create desc limit ?,?
2020-07-20 08:52:23.275 DEBUG 11344 --- [http-nio-8080-exec-9] c.i.c.m.Q.selectBySearch                 : ==> Parameters: 3(String), -5(Integer), 5(Integer)
2020-07-20 08:52:25.640 DEBUG 11344 --- [http-nio-8080-exec-7] c.i.c.m.QuestionExtMapper.countBySearch  : ==>  Preparing: select count(*) from Question WHERE title regexp ?
2020-07-20 08:52:25.643 DEBUG 11344 --- [http-nio-8080-exec-7] c.i.c.m.QuestionExtMapper.countBySearch  : ==> Parameters: 5(String)
2020-07-20 08:52:25.644 DEBUG 11344 --- [http-nio-8080-exec-7] c.i.c.m.QuestionExtMapper.countBySearch  : <==      Total: 1
2020-07-20 08:52:25.646 DEBUG 11344 --- [http-nio-8080-exec-7] c.i.c.m.Q.selectBySearch                 : ==>  Preparing: select * from Question WHERE title regexp ? order by gmt_create desc limit ?,?
2020-07-20 08:52:25.647 DEBUG 11344 --- [http-nio-8080-exec-7] c.i.c.m.Q.selectBySearch                 : ==> Parameters: 5(String), -5(Integer), 5(Integer)
2020-07-20 08:52:29.975  INFO 11344 --- [Thread-181] o.s.s.concurrent.ThreadPoolTaskExecutor  : Shutting down ExecutorService 'applicationTaskExecutor'
2020-07-20 08:52:29.976  INFO 11344 --- [Thread-181] com.zaxxer.hikari.HikariDataSource       : HikariPool-1 - Shutdown initiated...
2020-07-20 08:52:29.984  INFO 11344 --- [Thread-181] com.zaxxer.hikari.HikariDataSource       : HikariPool-1 - Shutdown completed.
2020-07-20 08:52:30.313  INFO 11344 --- [restartedMain] com.it.community.CommunityApplication    : Starting CommunityApplication on tong with PID 11344 (D:\IDEA_SPACE\community\target\classes started by tong in D:\IDEA_SPACE\community)
2020-07-20 08:52:30.314  INFO 11344 --- [restartedMain] com.it.community.CommunityApplication    : No active profile set, falling back to default profiles: default
2020-07-20 08:52:31.224  INFO 11344 --- [restartedMain] o.s.b.w.embedded.tomcat.TomcatWebServer  : Tomcat initialized with port(s): 8080 (http)
2020-07-20 08:52:31.230  INFO 11344 --- [restartedMain] o.apache.catalina.core.StandardService   : Starting service [Tomcat]
2020-07-20 08:52:31.231  INFO 11344 --- [restartedMain] org.apache.catalina.core.StandardEngine  : Starting Servlet engine: [Apache Tomcat/9.0.36]
2020-07-20 08:52:31.303  INFO 11344 --- [restartedMain] o.a.c.c.C.[Tomcat].[localhost].[/]       : Initializing Spring embedded WebApplicationContext
2020-07-20 08:52:31.303  INFO 11344 --- [restartedMain] w.s.c.ServletWebServerApplicationContext : Root WebApplicationContext: initialization completed in 984 ms
2020-07-20 08:52:31.722  INFO 11344 --- [restartedMain] o.s.s.concurrent.ThreadPoolTaskExecutor  : Initializing ExecutorService 'applicationTaskExecutor'
2020-07-20 08:52:31.753  INFO 11344 --- [restartedMain] o.s.b.a.w.s.WelcomePageHandlerMapping    : Adding welcome page template: index
2020-07-20 08:52:32.029  INFO 11344 --- [restartedMain] o.s.b.d.a.OptionalLiveReloadServer       : LiveReload server is running on port 35729
2020-07-20 08:52:32.060  INFO 11344 --- [restartedMain] o.s.b.w.embedded.tomcat.TomcatWebServer  : Tomcat started on port(s): 8080 (http) with context path ''
2020-07-20 08:52:32.076  INFO 11344 --- [restartedMain] com.it.community.CommunityApplication    : Started CommunityApplication in 1.831 seconds (JVM running for 68.651)
2020-07-20 08:52:32.078  INFO 11344 --- [restartedMain] .ConditionEvaluationDeltaLoggingListener : Condition evaluation unchanged
2020-07-20 08:53:24.578  INFO 1944 --- [restartedMain] com.it.community.CommunityApplication    : Starting CommunityApplication on tong with PID 1944 (D:\IDEA_SPACE\community\target\classes started by tong in D:\IDEA_SPACE\community)
2020-07-20 08:53:24.585  INFO 1944 --- [restartedMain] com.it.community.CommunityApplication    : No active profile set, falling back to default profiles: default
2020-07-20 08:53:24.719  INFO 1944 --- [restartedMain] .e.DevToolsPropertyDefaultsPostProcessor : Devtools property defaults active! Set 'spring.devtools.add-properties' to 'false' to disable
2020-07-20 08:53:24.719  INFO 1944 --- [restartedMain] .e.DevToolsPropertyDefaultsPostProcessor : For additional web related logging consider setting the 'logging.level.web' property to 'DEBUG'
2020-07-20 08:53:27.822  INFO 1944 --- [restartedMain] o.s.b.w.embedded.tomcat.TomcatWebServer  : Tomcat initialized with port(s): 8080 (http)
2020-07-20 08:53:27.839  INFO 1944 --- [restartedMain] o.apache.catalina.core.StandardService   : Starting service [Tomcat]
2020-07-20 08:53:27.839  INFO 1944 --- [restartedMain] org.apache.catalina.core.StandardEngine  : Starting Servlet engine: [Apache Tomcat/9.0.36]
2020-07-20 08:53:27.986  INFO 1944 --- [restartedMain] o.a.c.c.C.[Tomcat].[localhost].[/]       : Initializing Spring embedded WebApplicationContext
2020-07-20 08:53:27.987  INFO 1944 --- [restartedMain] w.s.c.ServletWebServerApplicationContext : Root WebApplicationContext: initialization completed in 3267 ms
2020-07-20 08:53:28.944  INFO 1944 --- [restartedMain] o.s.s.concurrent.ThreadPoolTaskExecutor  : Initializing ExecutorService 'applicationTaskExecutor'
2020-07-20 08:53:29.068  INFO 1944 --- [restartedMain] o.s.b.a.w.s.WelcomePageHandlerMapping    : Adding welcome page template: index
2020-07-20 08:53:29.640  INFO 1944 --- [restartedMain] o.s.b.d.a.OptionalLiveReloadServer       : LiveReload server is running on port 35729
2020-07-20 08:53:29.698  INFO 1944 --- [restartedMain] o.s.b.w.embedded.tomcat.TomcatWebServer  : Tomcat started on port(s): 8080 (http) with context path ''
2020-07-20 08:53:29.713  INFO 1944 --- [restartedMain] com.it.community.CommunityApplication    : Started CommunityApplication in 5.863 seconds (JVM running for 8.199)
2020-07-20 08:53:29.799  INFO 1944 --- [http-nio-8080-exec-1] o.a.c.c.C.[Tomcat].[localhost].[/]       : Initializing Spring DispatcherServlet 'dispatcherServlet'
2020-07-20 08:53:29.799  INFO 1944 --- [http-nio-8080-exec-1] o.s.web.servlet.DispatcherServlet        : Initializing Servlet 'dispatcherServlet'
2020-07-20 08:53:29.811  INFO 1944 --- [http-nio-8080-exec-1] o.s.web.servlet.DispatcherServlet        : Completed initialization in 12 ms
2020-07-20 08:53:29.919  INFO 1944 --- [http-nio-8080-exec-1] com.zaxxer.hikari.HikariDataSource       : HikariPool-1 - Starting...
2020-07-20 08:53:30.156  INFO 1944 --- [http-nio-8080-exec-1] com.zaxxer.hikari.pool.PoolBase          : HikariPool-1 - Driver does not support get/set network timeout for connections. (com.mysql.jdbc.JDBC4Connection.getNetworkTimeout()I)
2020-07-20 08:53:30.161  INFO 1944 --- [http-nio-8080-exec-1] com.zaxxer.hikari.HikariDataSource       : HikariPool-1 - Start completed.
2020-07-20 08:53:30.171 DEBUG 1944 --- [http-nio-8080-exec-1] c.i.c.m.QuestionExtMapper.countBySearch  : ==>  Preparing: select count(*) from Question WHERE title regexp ?
2020-07-20 08:53:30.188 DEBUG 1944 --- [http-nio-8080-exec-1] c.i.c.m.QuestionExtMapper.countBySearch  : ==> Parameters: 5(String)
2020-07-20 08:53:30.209 DEBUG 1944 --- [http-nio-8080-exec-1] c.i.c.m.QuestionExtMapper.countBySearch  : <==      Total: 1
2020-07-20 08:53:30.217 DEBUG 1944 --- [http-nio-8080-exec-1] c.i.c.m.Q.selectBySearch                 : ==>  Preparing: select * from Question WHERE title regexp ? order by gmt_create desc limit ?,?
2020-07-20 08:53:30.218 DEBUG 1944 --- [http-nio-8080-exec-1] c.i.c.m.Q.selectBySearch                 : ==> Parameters: 5(String), -5(Integer), 5(Integer)
2020-07-20 08:53:30.333  WARN 1944 --- [http-nio-8080-exec-1] .m.m.a.ExceptionHandlerExceptionResolver : Resolved [com.it.community.excepion.CustomizeException: 问题不存在，换个问题试试]
2020-07-20 08:53:33.896 DEBUG 1944 --- [http-nio-8080-exec-7] c.i.c.m.QuestionExtMapper.countBySearch  : ==>  Preparing: select count(*) from Question
2020-07-20 08:53:33.897 DEBUG 1944 --- [http-nio-8080-exec-7] c.i.c.m.QuestionExtMapper.countBySearch  : ==> Parameters: 
2020-07-20 08:53:33.898 DEBUG 1944 --- [http-nio-8080-exec-7] c.i.c.m.QuestionExtMapper.countBySearch  : <==      Total: 1
2020-07-20 08:53:33.899 DEBUG 1944 --- [http-nio-8080-exec-7] c.i.c.m.Q.selectBySearch                 : ==>  Preparing: select * from Question order by gmt_create desc limit ?,?
2020-07-20 08:53:33.900 DEBUG 1944 --- [http-nio-8080-exec-7] c.i.c.m.Q.selectBySearch                 : ==> Parameters: 0(Integer), 5(Integer)
2020-07-20 08:53:33.910 DEBUG 1944 --- [http-nio-8080-exec-7] c.i.c.m.Q.selectBySearch                 : <==      Total: 5
2020-07-20 08:53:33.911 DEBUG 1944 --- [http-nio-8080-exec-7] c.i.c.m.UserMapper.selectByPrimaryKey    : ==>  Preparing: select id, account_id, name, token, gmt_create, gmt_modified, bio, avatar_url from user where id = ?
2020-07-20 08:53:33.912 DEBUG 1944 --- [http-nio-8080-exec-7] c.i.c.m.UserMapper.selectByPrimaryKey    : ==> Parameters: 59(Long)
2020-07-20 08:53:33.914 DEBUG 1944 --- [http-nio-8080-exec-7] c.i.c.m.UserMapper.selectByPrimaryKey    : <==      Total: 1
2020-07-20 08:53:33.927 DEBUG 1944 --- [http-nio-8080-exec-7] c.i.c.m.UserMapper.selectByPrimaryKey    : ==>  Preparing: select id, account_id, name, token, gmt_create, gmt_modified, bio, avatar_url from user where id = ?
2020-07-20 08:53:33.928 DEBUG 1944 --- [http-nio-8080-exec-7] c.i.c.m.UserMapper.selectByPrimaryKey    : ==> Parameters: 59(Long)
2020-07-20 08:53:33.929 DEBUG 1944 --- [http-nio-8080-exec-7] c.i.c.m.UserMapper.selectByPrimaryKey    : <==      Total: 1
2020-07-20 08:53:33.930 DEBUG 1944 --- [http-nio-8080-exec-7] c.i.c.m.UserMapper.selectByPrimaryKey    : ==>  Preparing: select id, account_id, name, token, gmt_create, gmt_modified, bio, avatar_url from user where id = ?
2020-07-20 08:53:33.931 DEBUG 1944 --- [http-nio-8080-exec-7] c.i.c.m.UserMapper.selectByPrimaryKey    : ==> Parameters: 59(Long)
2020-07-20 08:53:33.932 DEBUG 1944 --- [http-nio-8080-exec-7] c.i.c.m.UserMapper.selectByPrimaryKey    : <==      Total: 1
2020-07-20 08:53:33.933 DEBUG 1944 --- [http-nio-8080-exec-7] c.i.c.m.UserMapper.selectByPrimaryKey    : ==>  Preparing: select id, account_id, name, token, gmt_create, gmt_modified, bio, avatar_url from user where id = ?
2020-07-20 08:53:33.934 DEBUG 1944 --- [http-nio-8080-exec-7] c.i.c.m.UserMapper.selectByPrimaryKey    : ==> Parameters: 59(Long)
2020-07-20 08:53:33.935 DEBUG 1944 --- [http-nio-8080-exec-7] c.i.c.m.UserMapper.selectByPrimaryKey    : <==      Total: 1
2020-07-20 08:53:33.936 DEBUG 1944 --- [http-nio-8080-exec-7] c.i.c.m.UserMapper.selectByPrimaryKey    : ==>  Preparing: select id, account_id, name, token, gmt_create, gmt_modified, bio, avatar_url from user where id = ?
2020-07-20 08:53:33.936 DEBUG 1944 --- [http-nio-8080-exec-7] c.i.c.m.UserMapper.selectByPrimaryKey    : ==> Parameters: 59(Long)
2020-07-20 08:53:33.937 DEBUG 1944 --- [http-nio-8080-exec-7] c.i.c.m.UserMapper.selectByPrimaryKey    : <==      Total: 1
2020-07-20 08:53:38.703 DEBUG 1944 --- [http-nio-8080-exec-5] c.i.c.m.QuestionExtMapper.countBySearch  : ==>  Preparing: select count(*) from Question WHERE title regexp ?
2020-07-20 08:53:38.705 DEBUG 1944 --- [http-nio-8080-exec-5] c.i.c.m.QuestionExtMapper.countBySearch  : ==> Parameters: 测试354r(String)
2020-07-20 08:53:38.706 DEBUG 1944 --- [http-nio-8080-exec-5] c.i.c.m.QuestionExtMapper.countBySearch  : <==      Total: 1
2020-07-20 08:53:38.708 DEBUG 1944 --- [http-nio-8080-exec-5] c.i.c.m.Q.selectBySearch                 : ==>  Preparing: select * from Question WHERE title regexp ? order by gmt_create desc limit ?,?
2020-07-20 08:53:38.709 DEBUG 1944 --- [http-nio-8080-exec-5] c.i.c.m.Q.selectBySearch                 : ==> Parameters: 测试354r(String), -5(Integer), 5(Integer)
2020-07-20 08:53:38.712  WARN 1944 --- [http-nio-8080-exec-5] .m.m.a.ExceptionHandlerExceptionResolver : Resolved [com.it.community.excepion.CustomizeException: 问题不存在，换个问题试试]
2020-07-20 08:53:42.828 DEBUG 1944 --- [http-nio-8080-exec-9] c.i.c.m.QuestionExtMapper.countBySearch  : ==>  Preparing: select count(*) from Question
2020-07-20 08:53:42.830 DEBUG 1944 --- [http-nio-8080-exec-9] c.i.c.m.QuestionExtMapper.countBySearch  : ==> Parameters: 
2020-07-20 08:53:42.831 DEBUG 1944 --- [http-nio-8080-exec-9] c.i.c.m.QuestionExtMapper.countBySearch  : <==      Total: 1
2020-07-20 08:53:42.832 DEBUG 1944 --- [http-nio-8080-exec-9] c.i.c.m.Q.selectBySearch                 : ==>  Preparing: select * from Question order by gmt_create desc limit ?,?
2020-07-20 08:53:42.833 DEBUG 1944 --- [http-nio-8080-exec-9] c.i.c.m.Q.selectBySearch                 : ==> Parameters: 0(Integer), 5(Integer)
2020-07-20 08:53:42.835 DEBUG 1944 --- [http-nio-8080-exec-9] c.i.c.m.Q.selectBySearch                 : <==      Total: 5
2020-07-20 08:53:42.835 DEBUG 1944 --- [http-nio-8080-exec-9] c.i.c.m.UserMapper.selectByPrimaryKey    : ==>  Preparing: select id, account_id, name, token, gmt_create, gmt_modified, bio, avatar_url from user where id = ?
2020-07-20 08:53:42.836 DEBUG 1944 --- [http-nio-8080-exec-9] c.i.c.m.UserMapper.selectByPrimaryKey    : ==> Parameters: 59(Long)
2020-07-20 08:53:42.837 DEBUG 1944 --- [http-nio-8080-exec-9] c.i.c.m.UserMapper.selectByPrimaryKey    : <==      Total: 1
2020-07-20 08:53:42.838 DEBUG 1944 --- [http-nio-8080-exec-9] c.i.c.m.UserMapper.selectByPrimaryKey    : ==>  Preparing: select id, account_id, name, token, gmt_create, gmt_modified, bio, avatar_url from user where id = ?
2020-07-20 08:53:42.839 DEBUG 1944 --- [http-nio-8080-exec-9] c.i.c.m.UserMapper.selectByPrimaryKey    : ==> Parameters: 59(Long)
2020-07-20 08:53:42.841 DEBUG 1944 --- [http-nio-8080-exec-9] c.i.c.m.UserMapper.selectByPrimaryKey    : <==      Total: 1
2020-07-20 08:53:42.842 DEBUG 1944 --- [http-nio-8080-exec-9] c.i.c.m.UserMapper.selectByPrimaryKey    : ==>  Preparing: select id, account_id, name, token, gmt_create, gmt_modified, bio, avatar_url from user where id = ?
2020-07-20 08:53:42.843 DEBUG 1944 --- [http-nio-8080-exec-9] c.i.c.m.UserMapper.selectByPrimaryKey    : ==> Parameters: 59(Long)
2020-07-20 08:53:42.844 DEBUG 1944 --- [http-nio-8080-exec-9] c.i.c.m.UserMapper.selectByPrimaryKey    : <==      Total: 1
2020-07-20 08:53:42.845 DEBUG 1944 --- [http-nio-8080-exec-9] c.i.c.m.UserMapper.selectByPrimaryKey    : ==>  Preparing: select id, account_id, name, token, gmt_create, gmt_modified, bio, avatar_url from user where id = ?
2020-07-20 08:53:42.845 DEBUG 1944 --- [http-nio-8080-exec-9] c.i.c.m.UserMapper.selectByPrimaryKey    : ==> Parameters: 59(Long)
2020-07-20 08:53:42.847 DEBUG 1944 --- [http-nio-8080-exec-9] c.i.c.m.UserMapper.selectByPrimaryKey    : <==      Total: 1
2020-07-20 08:53:42.847 DEBUG 1944 --- [http-nio-8080-exec-9] c.i.c.m.UserMapper.selectByPrimaryKey    : ==>  Preparing: select id, account_id, name, token, gmt_create, gmt_modified, bio, avatar_url from user where id = ?
2020-07-20 08:53:42.847 DEBUG 1944 --- [http-nio-8080-exec-9] c.i.c.m.UserMapper.selectByPrimaryKey    : ==> Parameters: 59(Long)
2020-07-20 08:53:42.849 DEBUG 1944 --- [http-nio-8080-exec-9] c.i.c.m.UserMapper.selectByPrimaryKey    : <==      Total: 1
